Determining if the pthread_create exist failed with the following output:
Change Dir: /home/pepper/r2dtu_original/cmake-build-debug/src/perception/dlib_build/dlib/cuda_test_build/CMakeFiles/CMakeTmp

Run Build Command(s):/usr/bin/make cmTC_374d1/fast 
/usr/bin/make -f CMakeFiles/cmTC_374d1.dir/build.make CMakeFiles/cmTC_374d1.dir/build
make[1]: Entering directory '/home/pepper/r2dtu_original/cmake-build-debug/src/perception/dlib_build/dlib/cuda_test_build/CMakeFiles/CMakeTmp'
Building C object CMakeFiles/cmTC_374d1.dir/CheckSymbolExists.c.o
/usr/bin/cc   -fPIC    -o CMakeFiles/cmTC_374d1.dir/CheckSymbolExists.c.o   -c /home/pepper/r2dtu_original/cmake-build-debug/src/perception/dlib_build/dlib/cuda_test_build/CMakeFiles/CMakeTmp/CheckSymbolExists.c
Linking C executable cmTC_374d1
/home/s154250/clion-2019.2.1/bin/cmake/linux/bin/cmake -E cmake_link_script CMakeFiles/cmTC_374d1.dir/link.txt --verbose=1
/usr/bin/cc -fPIC     -rdynamic CMakeFiles/cmTC_374d1.dir/CheckSymbolExists.c.o  -o cmTC_374d1 
CMakeFiles/cmTC_374d1.dir/CheckSymbolExists.c.o: In function `main':
CheckSymbolExists.c:(.text+0x1b): undefined reference to `pthread_create'
collect2: error: ld returned 1 exit status
CMakeFiles/cmTC_374d1.dir/build.make:86: recipe for target 'cmTC_374d1' failed
make[1]: *** [cmTC_374d1] Error 1
make[1]: Leaving directory '/home/pepper/r2dtu_original/cmake-build-debug/src/perception/dlib_build/dlib/cuda_test_build/CMakeFiles/CMakeTmp'
Makefile:121: recipe for target 'cmTC_374d1/fast' failed
make: *** [cmTC_374d1/fast] Error 2

File /home/pepper/r2dtu_original/cmake-build-debug/src/perception/dlib_build/dlib/cuda_test_build/CMakeFiles/CMakeTmp/CheckSymbolExists.c:
/* */
#include <pthread.h>

int main(int argc, char** argv)
{
  (void)argv;
#ifndef pthread_create
  return ((int*)(&pthread_create))[argc];
#else
  (void)argc;
  return 0;
#endif
}

Determining if the function pthread_create exists in the pthreads failed with the following output:
Change Dir: /home/pepper/r2dtu_original/cmake-build-debug/src/perception/dlib_build/dlib/cuda_test_build/CMakeFiles/CMakeTmp

Run Build Command(s):/usr/bin/make cmTC_bd90c/fast 
/usr/bin/make -f CMakeFiles/cmTC_bd90c.dir/build.make CMakeFiles/cmTC_bd90c.dir/build
make[1]: Entering directory '/home/pepper/r2dtu_original/cmake-build-debug/src/perception/dlib_build/dlib/cuda_test_build/CMakeFiles/CMakeTmp'
Building C object CMakeFiles/cmTC_bd90c.dir/CheckFunctionExists.c.o
/usr/bin/cc   -fPIC -DCHECK_FUNCTION_EXISTS=pthread_create   -o CMakeFiles/cmTC_bd90c.dir/CheckFunctionExists.c.o   -c /home/s154250/clion-2019.2.1/bin/cmake/linux/share/cmake-3.14/Modules/CheckFunctionExists.c
Linking C executable cmTC_bd90c
/home/s154250/clion-2019.2.1/bin/cmake/linux/bin/cmake -E cmake_link_script CMakeFiles/cmTC_bd90c.dir/link.txt --verbose=1
/usr/bin/cc -fPIC -DCHECK_FUNCTION_EXISTS=pthread_create    -rdynamic CMakeFiles/cmTC_bd90c.dir/CheckFunctionExists.c.o  -o cmTC_bd90c -lpthreads 
/usr/bin/ld: cannot find -lpthreads
collect2: error: ld returned 1 exit status
CMakeFiles/cmTC_bd90c.dir/build.make:86: recipe for target 'cmTC_bd90c' failed
make[1]: *** [cmTC_bd90c] Error 1
make[1]: Leaving directory '/home/pepper/r2dtu_original/cmake-build-debug/src/perception/dlib_build/dlib/cuda_test_build/CMakeFiles/CMakeTmp'
Makefile:121: recipe for target 'cmTC_bd90c/fast' failed
make: *** [cmTC_bd90c/fast] Error 2


